mode: atomic
github.com/lukasqw/oficina-tech-ms3-workshop/internal/modules/inventory/module.go:31.109,41.2 1 0
github.com/lukasqw/oficina-tech-ms3-workshop/internal/modules/inventory/module.go:44.103,49.16 2 0
github.com/lukasqw/oficina-tech-ms3-workshop/internal/modules/inventory/module.go:49.16,51.3 1 0
github.com/lukasqw/oficina-tech-ms3-workshop/internal/modules/inventory/module.go:54.2,60.8 1 0
github.com/lukasqw/oficina-tech-ms3-workshop/internal/modules/inventory/module.go:64.103,66.33 1 0
github.com/lukasqw/oficina-tech-ms3-workshop/internal/modules/inventory/module.go:67.26,72.13 2 0
github.com/lukasqw/oficina-tech-ms3-workshop/internal/modules/inventory/module.go:74.35,79.13 2 0
github.com/lukasqw/oficina-tech-ms3-workshop/internal/modules/inventory/module.go:81.33,86.13 2 0
github.com/lukasqw/oficina-tech-ms3-workshop/internal/modules/inventory/module.go:88.34,93.13 2 0
github.com/lukasqw/oficina-tech-ms3-workshop/internal/modules/inventory/module.go:95.36,100.13 2 0
github.com/lukasqw/oficina-tech-ms3-workshop/internal/modules/inventory/module.go:102.27,107.13 2 0
github.com/lukasqw/oficina-tech-ms3-workshop/internal/modules/inventory/module.go:109.10,110.39 1 0
github.com/lukasqw/oficina-tech-ms3-workshop/internal/modules/inventory/infra/http/routes.go:10.223,12.62 1 0
github.com/lukasqw/oficina-tech-ms3-workshop/internal/modules/inventory/infra/http/routes.go:12.62,15.3 1 0
github.com/lukasqw/oficina-tech-ms3-workshop/internal/modules/inventory/infra/http/routes.go:18.2,18.63 1 0
github.com/lukasqw/oficina-tech-ms3-workshop/internal/modules/inventory/infra/http/routes.go:18.63,21.3 1 0
github.com/lukasqw/oficina-tech-ms3-workshop/internal/modules/inventory/infra/http/routes.go:24.2,42.144 15 0
github.com/lukasqw/oficina-tech-ms3-workshop/internal/modules/inventory/infra/http/dto/inventory_dto.go:45.71,55.2 1 0
github.com/lukasqw/oficina-tech-ms3-workshop/internal/modules/inventory/domain/saga_operation/saga_operation.go:36.92,37.63 1 0
github.com/lukasqw/oficina-tech-ms3-workshop/internal/modules/inventory/domain/saga_operation/saga_operation.go:37.63,39.3 1 0
github.com/lukasqw/oficina-tech-ms3-workshop/internal/modules/inventory/domain/saga_operation/saga_operation.go:40.2,40.65 1 0
github.com/lukasqw/oficina-tech-ms3-workshop/internal/modules/inventory/domain/saga_operation/saga_operation.go:40.65,42.3 1 0
github.com/lukasqw/oficina-tech-ms3-workshop/internal/modules/inventory/domain/saga_operation/saga_operation.go:43.2,43.24 1 0
github.com/lukasqw/oficina-tech-ms3-workshop/internal/modules/inventory/domain/saga_operation/saga_operation.go:43.24,45.3 1 0
github.com/lukasqw/oficina-tech-ms3-workshop/internal/modules/inventory/domain/saga_operation/saga_operation.go:47.2,52.8 1 0
github.com/lukasqw/oficina-tech-ms3-workshop/internal/modules/inventory/domain/saga_operation/saga_operation.go:55.165,56.68 1 0
github.com/lukasqw/oficina-tech-ms3-workshop/internal/modules/inventory/domain/saga_operation/saga_operation.go:56.68,58.3 1 0
github.com/lukasqw/oficina-tech-ms3-workshop/internal/modules/inventory/domain/saga_operation/saga_operation.go:59.2,59.63 1 0
github.com/lukasqw/oficina-tech-ms3-workshop/internal/modules/inventory/domain/saga_operation/saga_operation.go:59.63,61.3 1 0
github.com/lukasqw/oficina-tech-ms3-workshop/internal/modules/inventory/domain/saga_operation/saga_operation.go:62.2,62.65 1 0
github.com/lukasqw/oficina-tech-ms3-workshop/internal/modules/inventory/domain/saga_operation/saga_operation.go:62.65,64.3 1 0
github.com/lukasqw/oficina-tech-ms3-workshop/internal/modules/inventory/domain/saga_operation/saga_operation.go:65.2,65.24 1 0
github.com/lukasqw/oficina-tech-ms3-workshop/internal/modules/inventory/domain/saga_operation/saga_operation.go:65.24,67.3 1 0
github.com/lukasqw/oficina-tech-ms3-workshop/internal/modules/inventory/domain/saga_operation/saga_operation.go:68.2,68.21 1 0
github.com/lukasqw/oficina-tech-ms3-workshop/internal/modules/inventory/domain/saga_operation/saga_operation.go:68.21,70.3 1 0
github.com/lukasqw/oficina-tech-ms3-workshop/internal/modules/inventory/domain/saga_operation/saga_operation.go:72.2,80.8 1 0
github.com/lukasqw/oficina-tech-ms3-workshop/internal/modules/inventory/domain/saga_operation/saga_operation.go:83.33,84.11 1 0
github.com/lukasqw/oficina-tech-ms3-workshop/internal/modules/inventory/domain/saga_operation/saga_operation.go:85.102,86.14 1 0
github.com/lukasqw/oficina-tech-ms3-workshop/internal/modules/inventory/domain/saga_operation/saga_operation.go:87.10,88.15 1 0
github.com/lukasqw/oficina-tech-ms3-workshop/internal/modules/inventory/domain/saga_operation/saga_operation.go:92.30,93.11 1 0
github.com/lukasqw/oficina-tech-ms3-workshop/internal/modules/inventory/domain/saga_operation/saga_operation.go:94.55,95.14 1 0
github.com/lukasqw/oficina-tech-ms3-workshop/internal/modules/inventory/domain/saga_operation/saga_operation.go:96.10,97.15 1 0
github.com/lukasqw/oficina-tech-ms3-workshop/internal/modules/inventory/domain/saga_operation/saga_operation.go:101.37,103.2 1 0
github.com/lukasqw/oficina-tech-ms3-workshop/internal/modules/inventory/domain/saga_operation/saga_operation.go:105.41,107.2 1 0
github.com/lukasqw/oficina-tech-ms3-workshop/internal/modules/inventory/domain/saga_operation/saga_operation.go:109.42,111.2 1 0
github.com/lukasqw/oficina-tech-ms3-workshop/internal/modules/inventory/domain/saga_operation/saga_operation.go:113.47,115.2 1 0
github.com/lukasqw/oficina-tech-ms3-workshop/internal/modules/inventory/domain/saga_operation/saga_operation.go:117.41,119.2 1 0
github.com/lukasqw/oficina-tech-ms3-workshop/internal/modules/inventory/domain/saga_operation/saga_operation.go:121.48,123.2 1 0
github.com/lukasqw/oficina-tech-ms3-workshop/internal/modules/inventory/domain/saga_operation/saga_operation.go:125.50,127.2 1 0
github.com/lukasqw/oficina-tech-ms3-workshop/internal/modules/inventory/domain/saga_operation/saga_operation.go:129.48,130.68 1 0
github.com/lukasqw/oficina-tech-ms3-workshop/internal/modules/inventory/domain/saga_operation/saga_operation.go:130.68,132.3 1 0
github.com/lukasqw/oficina-tech-ms3-workshop/internal/modules/inventory/domain/saga_operation/saga_operation.go:133.2,134.12 2 0
github.com/lukasqw/oficina-tech-ms3-workshop/internal/modules/inventory/domain/saga_operation/saga_operation.go:137.56,142.2 4 0
github.com/lukasqw/oficina-tech-ms3-workshop/internal/modules/inventory/domain/saga_operation/saga_operation.go:144.52,149.2 4 0
github.com/lukasqw/oficina-tech-ms3-workshop/internal/modules/inventory/domain/saga_operation/saga_operation.go:151.50,152.55 1 0
github.com/lukasqw/oficina-tech-ms3-workshop/internal/modules/inventory/domain/saga_operation/saga_operation.go:152.55,154.3 1 0
github.com/lukasqw/oficina-tech-ms3-workshop/internal/modules/inventory/domain/saga_operation/saga_operation.go:155.2,155.12 1 0
github.com/lukasqw/oficina-tech-ms3-workshop/internal/modules/inventory/application/usecases/available_decrease_stock.go:34.106,38.2 1 7
github.com/lukasqw/oficina-tech-ms3-workshop/internal/modules/inventory/application/usecases/available_decrease_stock.go:41.145,46.55 3 7
github.com/lukasqw/oficina-tech-ms3-workshop/internal/modules/inventory/application/usecases/available_decrease_stock.go:46.55,49.3 2 1
github.com/lukasqw/oficina-tech-ms3-workshop/internal/modules/inventory/application/usecases/available_decrease_stock.go:52.2,53.16 2 6
github.com/lukasqw/oficina-tech-ms3-workshop/internal/modules/inventory/application/usecases/available_decrease_stock.go:53.16,56.3 2 1
github.com/lukasqw/oficina-tech-ms3-workshop/internal/modules/inventory/application/usecases/available_decrease_stock.go:59.2,59.62 1 5
github.com/lukasqw/oficina-tech-ms3-workshop/internal/modules/inventory/application/usecases/available_decrease_stock.go:59.62,62.3 2 3
github.com/lukasqw/oficina-tech-ms3-workshop/internal/modules/inventory/application/usecases/available_decrease_stock.go:65.2,65.56 1 2
github.com/lukasqw/oficina-tech-ms3-workshop/internal/modules/inventory/application/usecases/available_decrease_stock.go:65.56,68.3 2 1
github.com/lukasqw/oficina-tech-ms3-workshop/internal/modules/inventory/application/usecases/available_decrease_stock.go:71.2,78.8 1 1
github.com/lukasqw/oficina-tech-ms3-workshop/internal/modules/inventory/application/usecases/cancel_confirmed_stock.go:34.102,38.2 1 10
github.com/lukasqw/oficina-tech-ms3-workshop/internal/modules/inventory/application/usecases/cancel_confirmed_stock.go:41.139,46.55 3 6
github.com/lukasqw/oficina-tech-ms3-workshop/internal/modules/inventory/application/usecases/cancel_confirmed_stock.go:46.55,49.3 2 1
github.com/lukasqw/oficina-tech-ms3-workshop/internal/modules/inventory/application/usecases/cancel_confirmed_stock.go:52.2,53.16 2 5
github.com/lukasqw/oficina-tech-ms3-workshop/internal/modules/inventory/application/usecases/cancel_confirmed_stock.go:53.16,56.3 2 1
github.com/lukasqw/oficina-tech-ms3-workshop/internal/modules/inventory/application/usecases/cancel_confirmed_stock.go:59.2,59.60 1 4
github.com/lukasqw/oficina-tech-ms3-workshop/internal/modules/inventory/application/usecases/cancel_confirmed_stock.go:59.60,62.3 2 1
github.com/lukasqw/oficina-tech-ms3-workshop/internal/modules/inventory/application/usecases/cancel_confirmed_stock.go:65.2,65.56 1 3
github.com/lukasqw/oficina-tech-ms3-workshop/internal/modules/inventory/application/usecases/cancel_confirmed_stock.go:65.56,68.3 2 1
github.com/lukasqw/oficina-tech-ms3-workshop/internal/modules/inventory/application/usecases/cancel_confirmed_stock.go:71.2,78.8 1 2
github.com/lukasqw/oficina-tech-ms3-workshop/internal/modules/inventory/application/usecases/cancel_reserved_stock.go:34.100,38.2 1 11
github.com/lukasqw/oficina-tech-ms3-workshop/internal/modules/inventory/application/usecases/cancel_reserved_stock.go:41.136,46.55 3 8
github.com/lukasqw/oficina-tech-ms3-workshop/internal/modules/inventory/application/usecases/cancel_reserved_stock.go:46.55,49.3 2 1
github.com/lukasqw/oficina-tech-ms3-workshop/internal/modules/inventory/application/usecases/cancel_reserved_stock.go:52.2,53.16 2 7
github.com/lukasqw/oficina-tech-ms3-workshop/internal/modules/inventory/application/usecases/cancel_reserved_stock.go:53.16,56.3 2 1
github.com/lukasqw/oficina-tech-ms3-workshop/internal/modules/inventory/application/usecases/cancel_reserved_stock.go:59.2,59.59 1 6
github.com/lukasqw/oficina-tech-ms3-workshop/internal/modules/inventory/application/usecases/cancel_reserved_stock.go:59.59,62.3 2 2
github.com/lukasqw/oficina-tech-ms3-workshop/internal/modules/inventory/application/usecases/cancel_reserved_stock.go:65.2,65.56 1 4
github.com/lukasqw/oficina-tech-ms3-workshop/internal/modules/inventory/application/usecases/cancel_reserved_stock.go:65.56,68.3 2 1
github.com/lukasqw/oficina-tech-ms3-workshop/internal/modules/inventory/application/usecases/cancel_reserved_stock.go:71.2,78.8 1 3
github.com/lukasqw/oficina-tech-ms3-workshop/internal/modules/inventory/application/usecases/create_inventory.go:36.124,41.2 1 6
github.com/lukasqw/oficina-tech-ms3-workshop/internal/modules/inventory/application/usecases/create_inventory.go:44.124,49.55 3 6
github.com/lukasqw/oficina-tech-ms3-workshop/internal/modules/inventory/application/usecases/create_inventory.go:49.55,52.3 2 1
github.com/lukasqw/oficina-tech-ms3-workshop/internal/modules/inventory/application/usecases/create_inventory.go:55.2,56.16 2 5
github.com/lukasqw/oficina-tech-ms3-workshop/internal/modules/inventory/application/usecases/create_inventory.go:56.16,59.3 2 1
github.com/lukasqw/oficina-tech-ms3-workshop/internal/modules/inventory/application/usecases/create_inventory.go:62.2,63.16 2 4
github.com/lukasqw/oficina-tech-ms3-workshop/internal/modules/inventory/application/usecases/create_inventory.go:63.16,66.3 2 1
github.com/lukasqw/oficina-tech-ms3-workshop/internal/modules/inventory/application/usecases/create_inventory.go:67.2,67.12 1 3
github.com/lukasqw/oficina-tech-ms3-workshop/internal/modules/inventory/application/usecases/create_inventory.go:67.12,70.3 2 1
github.com/lukasqw/oficina-tech-ms3-workshop/internal/modules/inventory/application/usecases/create_inventory.go:73.2,74.16 2 2
github.com/lukasqw/oficina-tech-ms3-workshop/internal/modules/inventory/application/usecases/create_inventory.go:74.16,77.3 2 0
github.com/lukasqw/oficina-tech-ms3-workshop/internal/modules/inventory/application/usecases/create_inventory.go:80.2,80.56 1 2
github.com/lukasqw/oficina-tech-ms3-workshop/internal/modules/inventory/application/usecases/create_inventory.go:80.56,83.3 2 1
github.com/lukasqw/oficina-tech-ms3-workshop/internal/modules/inventory/application/usecases/create_inventory.go:86.2,94.8 1 1
github.com/lukasqw/oficina-tech-ms3-workshop/internal/modules/inventory/application/usecases/create_product.go:37.120,42.2 1 9
github.com/lukasqw/oficina-tech-ms3-workshop/internal/modules/inventory/application/usecases/create_product.go:45.118,51.16 4 9
github.com/lukasqw/oficina-tech-ms3-workshop/internal/modules/inventory/application/usecases/create_product.go:51.16,54.3 2 1
github.com/lukasqw/oficina-tech-ms3-workshop/internal/modules/inventory/application/usecases/create_product.go:57.2,63.16 2 8
github.com/lukasqw/oficina-tech-ms3-workshop/internal/modules/inventory/application/usecases/create_product.go:63.16,66.3 2 5
github.com/lukasqw/oficina-tech-ms3-workshop/internal/modules/inventory/application/usecases/create_product.go:69.2,70.16 2 3
github.com/lukasqw/oficina-tech-ms3-workshop/internal/modules/inventory/application/usecases/create_product.go:70.16,73.3 2 1
github.com/lukasqw/oficina-tech-ms3-workshop/internal/modules/inventory/application/usecases/create_product.go:76.2,77.16 2 2
github.com/lukasqw/oficina-tech-ms3-workshop/internal/modules/inventory/application/usecases/create_product.go:77.16,80.3 2 0
github.com/lukasqw/oficina-tech-ms3-workshop/internal/modules/inventory/application/usecases/create_product.go:83.2,84.16 2 2
github.com/lukasqw/oficina-tech-ms3-workshop/internal/modules/inventory/application/usecases/create_product.go:84.16,87.3 2 1
github.com/lukasqw/oficina-tech-ms3-workshop/internal/modules/inventory/application/usecases/create_product.go:90.2,98.8 1 1
github.com/lukasqw/oficina-tech-ms3-workshop/internal/modules/inventory/application/usecases/delete_inventory.go:22.92,26.2 1 4
github.com/lukasqw/oficina-tech-ms3-workshop/internal/modules/inventory/application/usecases/delete_inventory.go:29.98,34.48 3 4
github.com/lukasqw/oficina-tech-ms3-workshop/internal/modules/inventory/application/usecases/delete_inventory.go:34.48,37.3 2 1
github.com/lukasqw/oficina-tech-ms3-workshop/internal/modules/inventory/application/usecases/delete_inventory.go:40.2,40.63 1 3
github.com/lukasqw/oficina-tech-ms3-workshop/internal/modules/inventory/application/usecases/delete_inventory.go:40.63,43.3 2 2
github.com/lukasqw/oficina-tech-ms3-workshop/internal/modules/inventory/application/usecases/delete_inventory.go:44.2,44.12 1 1
github.com/lukasqw/oficina-tech-ms3-workshop/internal/modules/inventory/application/usecases/delete_product.go:23.120,28.2 1 6
github.com/lukasqw/oficina-tech-ms3-workshop/internal/modules/inventory/application/usecases/delete_product.go:31.94,36.53 3 6
github.com/lukasqw/oficina-tech-ms3-workshop/internal/modules/inventory/application/usecases/delete_product.go:36.53,39.3 2 1
github.com/lukasqw/oficina-tech-ms3-workshop/internal/modules/inventory/application/usecases/delete_product.go:42.2,43.30 2 5
github.com/lukasqw/oficina-tech-ms3-workshop/internal/modules/inventory/application/usecases/delete_product.go:43.30,45.64 1 2
github.com/lukasqw/oficina-tech-ms3-workshop/internal/modules/inventory/application/usecases/delete_product.go:45.64,48.4 2 1
github.com/lukasqw/oficina-tech-ms3-workshop/internal/modules/inventory/application/usecases/delete_product.go:53.2,54.16 2 4
github.com/lukasqw/oficina-tech-ms3-workshop/internal/modules/inventory/application/usecases/delete_product.go:54.16,57.3 2 2
github.com/lukasqw/oficina-tech-ms3-workshop/internal/modules/inventory/application/usecases/delete_product.go:59.2,59.12 1 2
github.com/lukasqw/oficina-tech-ms3-workshop/internal/modules/inventory/application/usecases/get_inventory.go:34.86,38.2 1 4
github.com/lukasqw/oficina-tech-ms3-workshop/internal/modules/inventory/application/usecases/get_inventory.go:41.115,46.48 3 4
github.com/lukasqw/oficina-tech-ms3-workshop/internal/modules/inventory/application/usecases/get_inventory.go:46.48,49.3 2 1
github.com/lukasqw/oficina-tech-ms3-workshop/internal/modules/inventory/application/usecases/get_inventory.go:52.2,53.16 2 3
github.com/lukasqw/oficina-tech-ms3-workshop/internal/modules/inventory/application/usecases/get_inventory.go:53.16,56.3 2 2
github.com/lukasqw/oficina-tech-ms3-workshop/internal/modules/inventory/application/usecases/get_inventory.go:59.2,67.8 1 1
github.com/lukasqw/oficina-tech-ms3-workshop/internal/modules/inventory/application/usecases/get_inventory_by_product.go:34.104,38.2 1 4
github.com/lukasqw/oficina-tech-ms3-workshop/internal/modules/inventory/application/usecases/get_inventory_by_product.go:41.142,46.55 3 4
github.com/lukasqw/oficina-tech-ms3-workshop/internal/modules/inventory/application/usecases/get_inventory_by_product.go:46.55,49.3 2 1
github.com/lukasqw/oficina-tech-ms3-workshop/internal/modules/inventory/application/usecases/get_inventory_by_product.go:52.2,53.16 2 3
github.com/lukasqw/oficina-tech-ms3-workshop/internal/modules/inventory/application/usecases/get_inventory_by_product.go:53.16,56.3 2 2
github.com/lukasqw/oficina-tech-ms3-workshop/internal/modules/inventory/application/usecases/get_inventory_by_product.go:59.2,67.8 1 1
github.com/lukasqw/oficina-tech-ms3-workshop/internal/modules/inventory/application/usecases/get_product.go:34.85,38.2 1 4
github.com/lukasqw/oficina-tech-ms3-workshop/internal/modules/inventory/application/usecases/get_product.go:41.121,46.53 3 4
github.com/lukasqw/oficina-tech-ms3-workshop/internal/modules/inventory/application/usecases/get_product.go:46.53,49.3 2 1
github.com/lukasqw/oficina-tech-ms3-workshop/internal/modules/inventory/application/usecases/get_product.go:52.2,53.16 2 3
github.com/lukasqw/oficina-tech-ms3-workshop/internal/modules/inventory/application/usecases/get_product.go:53.16,56.3 2 2
github.com/lukasqw/oficina-tech-ms3-workshop/internal/modules/inventory/application/usecases/get_product.go:59.2,69.20 2 1
github.com/lukasqw/oficina-tech-ms3-workshop/internal/modules/inventory/application/usecases/get_product.go:94.85,98.2 1 3
github.com/lukasqw/oficina-tech-ms3-workshop/internal/modules/inventory/application/usecases/get_product.go:101.94,107.16 4 3
github.com/lukasqw/oficina-tech-ms3-workshop/internal/modules/inventory/application/usecases/get_product.go:107.16,110.3 2 1
github.com/lukasqw/oficina-tech-ms3-workshop/internal/modules/inventory/application/usecases/get_product.go:113.2,117.32 2 2
github.com/lukasqw/oficina-tech-ms3-workshop/internal/modules/inventory/application/usecases/get_product.go:117.32,127.3 1 2
github.com/lukasqw/oficina-tech-ms3-workshop/internal/modules/inventory/application/usecases/get_product.go:129.2,129.20 1 2
github.com/lukasqw/oficina-tech-ms3-workshop/internal/modules/inventory/application/usecases/increase_stock.go:34.88,38.2 1 7
github.com/lukasqw/oficina-tech-ms3-workshop/internal/modules/inventory/application/usecases/increase_stock.go:41.118,46.55 3 7
github.com/lukasqw/oficina-tech-ms3-workshop/internal/modules/inventory/application/usecases/increase_stock.go:46.55,49.3 2 1
github.com/lukasqw/oficina-tech-ms3-workshop/internal/modules/inventory/application/usecases/increase_stock.go:52.2,53.16 2 6
github.com/lukasqw/oficina-tech-ms3-workshop/internal/modules/inventory/application/usecases/increase_stock.go:53.16,56.3 2 1
github.com/lukasqw/oficina-tech-ms3-workshop/internal/modules/inventory/application/usecases/increase_stock.go:59.2,59.53 1 5
github.com/lukasqw/oficina-tech-ms3-workshop/internal/modules/inventory/application/usecases/increase_stock.go:59.53,62.3 2 2
github.com/lukasqw/oficina-tech-ms3-workshop/internal/modules/inventory/application/usecases/increase_stock.go:65.2,65.56 1 3
github.com/lukasqw/oficina-tech-ms3-workshop/internal/modules/inventory/application/usecases/increase_stock.go:65.56,68.3 2 1
github.com/lukasqw/oficina-tech-ms3-workshop/internal/modules/inventory/application/usecases/increase_stock.go:71.2,78.8 1 2
github.com/lukasqw/oficina-tech-ms3-workshop/internal/modules/inventory/application/usecases/manual_decrease_stock.go:34.100,38.2 1 7
github.com/lukasqw/oficina-tech-ms3-workshop/internal/modules/inventory/application/usecases/manual_decrease_stock.go:41.136,46.55 3 7
github.com/lukasqw/oficina-tech-ms3-workshop/internal/modules/inventory/application/usecases/manual_decrease_stock.go:46.55,49.3 2 1
github.com/lukasqw/oficina-tech-ms3-workshop/internal/modules/inventory/application/usecases/manual_decrease_stock.go:52.2,53.16 2 6
github.com/lukasqw/oficina-tech-ms3-workshop/internal/modules/inventory/application/usecases/manual_decrease_stock.go:53.16,56.3 2 1
github.com/lukasqw/oficina-tech-ms3-workshop/internal/modules/inventory/application/usecases/manual_decrease_stock.go:59.2,59.59 1 5
github.com/lukasqw/oficina-tech-ms3-workshop/internal/modules/inventory/application/usecases/manual_decrease_stock.go:59.59,62.3 2 2
github.com/lukasqw/oficina-tech-ms3-workshop/internal/modules/inventory/application/usecases/manual_decrease_stock.go:65.2,65.56 1 3
github.com/lukasqw/oficina-tech-ms3-workshop/internal/modules/inventory/application/usecases/manual_decrease_stock.go:65.56,68.3 2 1
github.com/lukasqw/oficina-tech-ms3-workshop/internal/modules/inventory/application/usecases/manual_decrease_stock.go:71.2,78.8 1 2
github.com/lukasqw/oficina-tech-ms3-workshop/internal/modules/inventory/application/usecases/process_saga_operation.go:58.138,66.2 1 4
github.com/lukasqw/oficina-tech-ms3-workshop/internal/modules/inventory/application/usecases/process_saga_operation.go:68.139,73.16 4 4
github.com/lukasqw/oficina-tech-ms3-workshop/internal/modules/inventory/application/usecases/process_saga_operation.go:73.16,74.110 1 1
github.com/lukasqw/oficina-tech-ms3-workshop/internal/modules/inventory/application/usecases/process_saga_operation.go:74.110,76.4 1 1
github.com/lukasqw/oficina-tech-ms3-workshop/internal/modules/inventory/application/usecases/process_saga_operation.go:77.3,77.118 1 0
github.com/lukasqw/oficina-tech-ms3-workshop/internal/modules/inventory/application/usecases/process_saga_operation.go:79.2,79.52 1 3
github.com/lukasqw/oficina-tech-ms3-workshop/internal/modules/inventory/application/usecases/process_saga_operation.go:79.52,82.3 2 0
github.com/lukasqw/oficina-tech-ms3-workshop/internal/modules/inventory/application/usecases/process_saga_operation.go:84.2,85.16 2 3
github.com/lukasqw/oficina-tech-ms3-workshop/internal/modules/inventory/application/usecases/process_saga_operation.go:85.16,88.3 2 0
github.com/lukasqw/oficina-tech-ms3-workshop/internal/modules/inventory/application/usecases/process_saga_operation.go:89.2,89.57 1 3
github.com/lukasqw/oficina-tech-ms3-workshop/internal/modules/inventory/application/usecases/process_saga_operation.go:89.57,92.3 2 0
github.com/lukasqw/oficina-tech-ms3-workshop/internal/modules/inventory/application/usecases/process_saga_operation.go:94.2,95.35 2 3
github.com/lukasqw/oficina-tech-ms3-workshop/internal/modules/inventory/application/usecases/process_saga_operation.go:95.35,96.62 1 4
github.com/lukasqw/oficina-tech-ms3-workshop/internal/modules/inventory/application/usecases/process_saga_operation.go:96.62,100.25 4 1
github.com/lukasqw/oficina-tech-ms3-workshop/internal/modules/inventory/application/usecases/process_saga_operation.go:100.25,103.5 2 0
github.com/lukasqw/oficina-tech-ms3-workshop/internal/modules/inventory/application/usecases/process_saga_operation.go:104.4,104.22 1 1
github.com/lukasqw/oficina-tech-ms3-workshop/internal/modules/inventory/application/usecases/process_saga_operation.go:106.3,106.34 1 3
github.com/lukasqw/oficina-tech-ms3-workshop/internal/modules/inventory/application/usecases/process_saga_operation.go:109.2,109.43 1 2
github.com/lukasqw/oficina-tech-ms3-workshop/internal/modules/inventory/application/usecases/process_saga_operation.go:112.136,113.19 1 5
github.com/lukasqw/oficina-tech-ms3-workshop/internal/modules/inventory/application/usecases/process_saga_operation.go:114.39,116.13 2 3
github.com/lukasqw/oficina-tech-ms3-workshop/internal/modules/inventory/application/usecases/process_saga_operation.go:117.48,119.13 2 1
github.com/lukasqw/oficina-tech-ms3-workshop/internal/modules/inventory/application/usecases/process_saga_operation.go:120.46,122.13 2 1
github.com/lukasqw/oficina-tech-ms3-workshop/internal/modules/inventory/application/usecases/process_saga_operation.go:123.47,125.13 2 0
github.com/lukasqw/oficina-tech-ms3-workshop/internal/modules/inventory/application/usecases/process_saga_operation.go:126.10,127.44 1 0
github.com/lukasqw/oficina-tech-ms3-workshop/internal/modules/inventory/application/usecases/process_saga_operation.go:131.147,132.41 1 1
github.com/lukasqw/oficina-tech-ms3-workshop/internal/modules/inventory/application/usecases/process_saga_operation.go:132.41,134.3 1 1
github.com/lukasqw/oficina-tech-ms3-workshop/internal/modules/inventory/application/usecases/process_saga_operation.go:137.83,138.19 1 1
github.com/lukasqw/oficina-tech-ms3-workshop/internal/modules/inventory/application/usecases/process_saga_operation.go:139.39,140.48 1 1
github.com/lukasqw/oficina-tech-ms3-workshop/internal/modules/inventory/application/usecases/process_saga_operation.go:141.48,142.49 1 0
github.com/lukasqw/oficina-tech-ms3-workshop/internal/modules/inventory/application/usecases/process_saga_operation.go:143.46,144.41 1 0
github.com/lukasqw/oficina-tech-ms3-workshop/internal/modules/inventory/application/usecases/process_saga_operation.go:145.47,146.50 1 0
github.com/lukasqw/oficina-tech-ms3-workshop/internal/modules/inventory/application/usecases/process_saga_operation.go:147.10,148.19 1 0
github.com/lukasqw/oficina-tech-ms3-workshop/internal/modules/inventory/application/usecases/process_saga_operation.go:152.181,160.16 2 2
github.com/lukasqw/oficina-tech-ms3-workshop/internal/modules/inventory/application/usecases/process_saga_operation.go:160.16,162.3 1 0
github.com/lukasqw/oficina-tech-ms3-workshop/internal/modules/inventory/application/usecases/process_saga_operation.go:164.2,165.57 2 2
github.com/lukasqw/oficina-tech-ms3-workshop/internal/modules/inventory/application/usecases/process_saga_operation.go:165.57,167.3 1 0
github.com/lukasqw/oficina-tech-ms3-workshop/internal/modules/inventory/application/usecases/process_saga_operation.go:169.2,173.8 1 2
github.com/lukasqw/oficina-tech-ms3-workshop/internal/modules/inventory/application/usecases/process_saga_operation.go:176.192,185.16 2 1
github.com/lukasqw/oficina-tech-ms3-workshop/internal/modules/inventory/application/usecases/process_saga_operation.go:185.16,187.3 1 0
github.com/lukasqw/oficina-tech-ms3-workshop/internal/modules/inventory/application/usecases/process_saga_operation.go:189.2,190.57 2 1
github.com/lukasqw/oficina-tech-ms3-workshop/internal/modules/inventory/application/usecases/process_saga_operation.go:190.57,192.3 1 0
github.com/lukasqw/oficina-tech-ms3-workshop/internal/modules/inventory/application/usecases/process_saga_operation.go:194.2,198.8 1 1
github.com/lukasqw/oficina-tech-ms3-workshop/internal/modules/inventory/application/usecases/process_saga_operation.go:201.83,205.59 2 1
github.com/lukasqw/oficina-tech-ms3-workshop/internal/modules/inventory/application/usecases/process_saga_operation.go:205.59,207.3 1 0
github.com/lukasqw/oficina-tech-ms3-workshop/internal/modules/inventory/application/usecases/process_saga_operation.go:209.2,213.8 1 1
github.com/lukasqw/oficina-tech-ms3-workshop/internal/modules/inventory/application/usecases/process_saga_operation.go:216.46,217.16 1 3
github.com/lukasqw/oficina-tech-ms3-workshop/internal/modules/inventory/application/usecases/process_saga_operation.go:217.16,219.3 1 0
github.com/lukasqw/oficina-tech-ms3-workshop/internal/modules/inventory/application/usecases/process_saga_operation.go:220.2,220.41 1 3
github.com/lukasqw/oficina-tech-ms3-workshop/internal/modules/inventory/application/usecases/reserve_stock.go:34.86,38.2 1 11
github.com/lukasqw/oficina-tech-ms3-workshop/internal/modules/inventory/application/usecases/reserve_stock.go:41.115,46.55 3 10
github.com/lukasqw/oficina-tech-ms3-workshop/internal/modules/inventory/application/usecases/reserve_stock.go:46.55,49.3 2 1
github.com/lukasqw/oficina-tech-ms3-workshop/internal/modules/inventory/application/usecases/reserve_stock.go:52.2,53.16 2 9
github.com/lukasqw/oficina-tech-ms3-workshop/internal/modules/inventory/application/usecases/reserve_stock.go:53.16,56.3 2 2
github.com/lukasqw/oficina-tech-ms3-workshop/internal/modules/inventory/application/usecases/reserve_stock.go:59.2,59.52 1 7
github.com/lukasqw/oficina-tech-ms3-workshop/internal/modules/inventory/application/usecases/reserve_stock.go:59.52,62.3 2 2
github.com/lukasqw/oficina-tech-ms3-workshop/internal/modules/inventory/application/usecases/reserve_stock.go:65.2,65.56 1 5
github.com/lukasqw/oficina-tech-ms3-workshop/internal/modules/inventory/application/usecases/reserve_stock.go:65.56,68.3 2 1
github.com/lukasqw/oficina-tech-ms3-workshop/internal/modules/inventory/application/usecases/reserve_stock.go:71.2,78.8 1 4
github.com/lukasqw/oficina-tech-ms3-workshop/internal/modules/inventory/application/usecases/reserved_decrease_stock.go:34.104,38.2 1 10
github.com/lukasqw/oficina-tech-ms3-workshop/internal/modules/inventory/application/usecases/reserved_decrease_stock.go:41.142,46.55 3 7
github.com/lukasqw/oficina-tech-ms3-workshop/internal/modules/inventory/application/usecases/reserved_decrease_stock.go:46.55,49.3 2 1
github.com/lukasqw/oficina-tech-ms3-workshop/internal/modules/inventory/application/usecases/reserved_decrease_stock.go:52.2,53.16 2 6
github.com/lukasqw/oficina-tech-ms3-workshop/internal/modules/inventory/application/usecases/reserved_decrease_stock.go:53.16,56.3 2 1
github.com/lukasqw/oficina-tech-ms3-workshop/internal/modules/inventory/application/usecases/reserved_decrease_stock.go:59.2,59.61 1 5
github.com/lukasqw/oficina-tech-ms3-workshop/internal/modules/inventory/application/usecases/reserved_decrease_stock.go:59.61,62.3 2 2
github.com/lukasqw/oficina-tech-ms3-workshop/internal/modules/inventory/application/usecases/reserved_decrease_stock.go:65.2,65.56 1 3
github.com/lukasqw/oficina-tech-ms3-workshop/internal/modules/inventory/application/usecases/reserved_decrease_stock.go:65.56,68.3 2 1
github.com/lukasqw/oficina-tech-ms3-workshop/internal/modules/inventory/application/usecases/reserved_decrease_stock.go:71.2,78.8 1 2
github.com/lukasqw/oficina-tech-ms3-workshop/internal/modules/inventory/application/usecases/update_product.go:25.83,29.2 1 8
github.com/lukasqw/oficina-tech-ms3-workshop/internal/modules/inventory/application/usecases/update_product.go:32.94,37.53 3 8
github.com/lukasqw/oficina-tech-ms3-workshop/internal/modules/inventory/application/usecases/update_product.go:37.53,40.3 2 1
github.com/lukasqw/oficina-tech-ms3-workshop/internal/modules/inventory/application/usecases/update_product.go:43.2,44.16 2 7
github.com/lukasqw/oficina-tech-ms3-workshop/internal/modules/inventory/application/usecases/update_product.go:44.16,47.3 2 1
github.com/lukasqw/oficina-tech-ms3-workshop/internal/modules/inventory/application/usecases/update_product.go:50.2,50.23 1 6
github.com/lukasqw/oficina-tech-ms3-workshop/internal/modules/inventory/application/usecases/update_product.go:50.23,52.17 2 4
github.com/lukasqw/oficina-tech-ms3-workshop/internal/modules/inventory/application/usecases/update_product.go:52.17,55.4 2 1
github.com/lukasqw/oficina-tech-ms3-workshop/internal/modules/inventory/application/usecases/update_product.go:58.2,58.30 1 5
github.com/lukasqw/oficina-tech-ms3-workshop/internal/modules/inventory/application/usecases/update_product.go:58.30,60.17 2 1
github.com/lukasqw/oficina-tech-ms3-workshop/internal/modules/inventory/application/usecases/update_product.go:60.17,63.4 2 0
github.com/lukasqw/oficina-tech-ms3-workshop/internal/modules/inventory/application/usecases/update_product.go:66.2,66.24 1 5
github.com/lukasqw/oficina-tech-ms3-workshop/internal/modules/inventory/application/usecases/update_product.go:66.24,68.17 2 2
github.com/lukasqw/oficina-tech-ms3-workshop/internal/modules/inventory/application/usecases/update_product.go:68.17,71.4 2 1
github.com/lukasqw/oficina-tech-ms3-workshop/internal/modules/inventory/application/usecases/update_product.go:74.2,74.30 1 4
github.com/lukasqw/oficina-tech-ms3-workshop/internal/modules/inventory/application/usecases/update_product.go:74.30,77.17 2 2
github.com/lukasqw/oficina-tech-ms3-workshop/internal/modules/inventory/application/usecases/update_product.go:77.17,80.4 2 1
github.com/lukasqw/oficina-tech-ms3-workshop/internal/modules/inventory/application/usecases/update_product.go:81.3,81.49 1 1
github.com/lukasqw/oficina-tech-ms3-workshop/internal/modules/inventory/application/usecases/update_product.go:85.2,86.16 2 3
github.com/lukasqw/oficina-tech-ms3-workshop/internal/modules/inventory/application/usecases/update_product.go:86.16,89.3 2 1
github.com/lukasqw/oficina-tech-ms3-workshop/internal/modules/inventory/application/usecases/update_product.go:91.2,91.12 1 2
github.com/lukasqw/oficina-tech-ms3-workshop/internal/modules/inventory/domain/product/product.go:22.97,25.38 2 34
github.com/lukasqw/oficina-tech-ms3-workshop/internal/modules/inventory/domain/product/product.go:25.38,27.3 1 4
github.com/lukasqw/oficina-tech-ms3-workshop/internal/modules/inventory/domain/product/product.go:30.2,30.29 1 30
github.com/lukasqw/oficina-tech-ms3-workshop/internal/modules/inventory/domain/product/product.go:30.29,32.3 1 1
github.com/lukasqw/oficina-tech-ms3-workshop/internal/modules/inventory/domain/product/product.go:35.2,35.16 1 29
github.com/lukasqw/oficina-tech-ms3-workshop/internal/modules/inventory/domain/product/product.go:35.16,37.3 1 2
github.com/lukasqw/oficina-tech-ms3-workshop/internal/modules/inventory/domain/product/product.go:39.2,47.8 2 27
github.com/lukasqw/oficina-tech-ms3-workshop/internal/modules/inventory/domain/product/product.go:58.21,60.47 1 5
github.com/lukasqw/oficina-tech-ms3-workshop/internal/modules/inventory/domain/product/product.go:60.47,62.3 1 2
github.com/lukasqw/oficina-tech-ms3-workshop/internal/modules/inventory/domain/product/product.go:64.2,73.8 1 3
github.com/lukasqw/oficina-tech-ms3-workshop/internal/modules/inventory/domain/product/product.go:79.31,81.2 1 9
github.com/lukasqw/oficina-tech-ms3-workshop/internal/modules/inventory/domain/product/product.go:84.33,86.2 1 14
github.com/lukasqw/oficina-tech-ms3-workshop/internal/modules/inventory/domain/product/product.go:89.40,91.2 1 11
github.com/lukasqw/oficina-tech-ms3-workshop/internal/modules/inventory/domain/product/product.go:94.31,96.2 1 11
github.com/lukasqw/oficina-tech-ms3-workshop/internal/modules/inventory/domain/product/product.go:99.45,101.2 1 9
github.com/lukasqw/oficina-tech-ms3-workshop/internal/modules/inventory/domain/product/product.go:104.41,106.2 1 1
github.com/lukasqw/oficina-tech-ms3-workshop/internal/modules/inventory/domain/product/product.go:109.41,111.2 1 36
github.com/lukasqw/oficina-tech-ms3-workshop/internal/modules/inventory/domain/product/product.go:114.42,116.2 1 5
github.com/lukasqw/oficina-tech-ms3-workshop/internal/modules/inventory/domain/product/product.go:119.36,121.2 1 10
github.com/lukasqw/oficina-tech-ms3-workshop/internal/modules/inventory/domain/product/product.go:124.42,125.47 1 3
github.com/lukasqw/oficina-tech-ms3-workshop/internal/modules/inventory/domain/product/product.go:125.47,127.3 1 2
github.com/lukasqw/oficina-tech-ms3-workshop/internal/modules/inventory/domain/product/product.go:128.2,129.12 2 1
github.com/lukasqw/oficina-tech-ms3-workshop/internal/modules/inventory/domain/product/product.go:135.49,137.38 2 8
github.com/lukasqw/oficina-tech-ms3-workshop/internal/modules/inventory/domain/product/product.go:137.38,139.3 1 4
github.com/lukasqw/oficina-tech-ms3-workshop/internal/modules/inventory/domain/product/product.go:140.2,142.12 3 4
github.com/lukasqw/oficina-tech-ms3-workshop/internal/modules/inventory/domain/product/product.go:146.63,147.29 1 4
github.com/lukasqw/oficina-tech-ms3-workshop/internal/modules/inventory/domain/product/product.go:147.29,149.3 1 1
github.com/lukasqw/oficina-tech-ms3-workshop/internal/modules/inventory/domain/product/product.go:150.2,152.12 3 3
github.com/lukasqw/oficina-tech-ms3-workshop/internal/modules/inventory/domain/product/product.go:156.48,157.16 1 5
github.com/lukasqw/oficina-tech-ms3-workshop/internal/modules/inventory/domain/product/product.go:157.16,159.3 1 2
github.com/lukasqw/oficina-tech-ms3-workshop/internal/modules/inventory/domain/product/product.go:160.2,162.12 3 3
github.com/lukasqw/oficina-tech-ms3-workshop/internal/modules/inventory/domain/product/product.go:166.62,169.2 2 3
github.com/lukasqw/oficina-tech-ms3-workshop/internal/modules/inventory/domain/product/product.go:172.35,176.2 3 1
github.com/lukasqw/oficina-tech-ms3-workshop/internal/modules/inventory/domain/product/product_type.go:18.56,19.15 1 30
github.com/lukasqw/oficina-tech-ms3-workshop/internal/modules/inventory/domain/product/product_type.go:20.66,21.40 1 26
github.com/lukasqw/oficina-tech-ms3-workshop/internal/modules/inventory/domain/product/product_type.go:22.10,23.46 1 4
github.com/lukasqw/oficina-tech-ms3-workshop/internal/modules/inventory/domain/product/product_type.go:28.39,30.2 1 3
github.com/lukasqw/oficina-tech-ms3-workshop/internal/modules/inventory/domain/product/product_type.go:33.38,35.2 1 20
github.com/lukasqw/oficina-tech-ms3-workshop/internal/modules/inventory/domain/product/product_type.go:38.53,40.2 1 6
github.com/lukasqw/oficina-tech-ms3-workshop/internal/modules/inventory/domain/inventory/inventory.go:22.57,23.21 1 4
github.com/lukasqw/oficina-tech-ms3-workshop/internal/modules/inventory/domain/inventory/inventory.go:23.21,25.3 1 1
github.com/lukasqw/oficina-tech-ms3-workshop/internal/modules/inventory/domain/inventory/inventory.go:28.2,28.49 1 3
github.com/lukasqw/oficina-tech-ms3-workshop/internal/modules/inventory/domain/inventory/inventory.go:28.49,30.3 1 1
github.com/lukasqw/oficina-tech-ms3-workshop/internal/modules/inventory/domain/inventory/inventory.go:32.2,40.8 2 2
github.com/lukasqw/oficina-tech-ms3-workshop/internal/modules/inventory/domain/inventory/inventory.go:53.23,54.14 1 42
github.com/lukasqw/oficina-tech-ms3-workshop/internal/modules/inventory/domain/inventory/inventory.go:54.14,56.3 1 1
github.com/lukasqw/oficina-tech-ms3-workshop/internal/modules/inventory/domain/inventory/inventory.go:57.2,57.21 1 41
github.com/lukasqw/oficina-tech-ms3-workshop/internal/modules/inventory/domain/inventory/inventory.go:57.21,59.3 1 1
github.com/lukasqw/oficina-tech-ms3-workshop/internal/modules/inventory/domain/inventory/inventory.go:60.2,60.74 1 40
github.com/lukasqw/oficina-tech-ms3-workshop/internal/modules/inventory/domain/inventory/inventory.go:60.74,62.3 1 3
github.com/lukasqw/oficina-tech-ms3-workshop/internal/modules/inventory/domain/inventory/inventory.go:64.2,73.8 1 37
github.com/lukasqw/oficina-tech-ms3-workshop/internal/modules/inventory/domain/inventory/inventory.go:78.33,80.2 1 2
github.com/lukasqw/oficina-tech-ms3-workshop/internal/modules/inventory/domain/inventory/inventory.go:82.40,84.2 1 2
github.com/lukasqw/oficina-tech-ms3-workshop/internal/modules/inventory/domain/inventory/inventory.go:86.45,88.2 1 32
github.com/lukasqw/oficina-tech-ms3-workshop/internal/modules/inventory/domain/inventory/inventory.go:90.44,92.2 1 31
github.com/lukasqw/oficina-tech-ms3-workshop/internal/modules/inventory/domain/inventory/inventory.go:94.43,96.2 1 27
github.com/lukasqw/oficina-tech-ms3-workshop/internal/modules/inventory/domain/inventory/inventory.go:98.43,100.2 1 0
github.com/lukasqw/oficina-tech-ms3-workshop/internal/modules/inventory/domain/inventory/inventory.go:102.43,104.2 1 0
github.com/lukasqw/oficina-tech-ms3-workshop/internal/modules/inventory/domain/inventory/inventory.go:106.44,108.2 1 0
github.com/lukasqw/oficina-tech-ms3-workshop/internal/modules/inventory/domain/inventory/inventory.go:110.38,112.2 1 2
github.com/lukasqw/oficina-tech-ms3-workshop/internal/modules/inventory/domain/inventory/inventory.go:115.44,116.14 1 3
github.com/lukasqw/oficina-tech-ms3-workshop/internal/modules/inventory/domain/inventory/inventory.go:116.14,118.3 1 1
github.com/lukasqw/oficina-tech-ms3-workshop/internal/modules/inventory/domain/inventory/inventory.go:119.2,119.42 1 2
github.com/lukasqw/oficina-tech-ms3-workshop/internal/modules/inventory/domain/inventory/inventory.go:119.42,121.3 1 1
github.com/lukasqw/oficina-tech-ms3-workshop/internal/modules/inventory/domain/inventory/inventory.go:122.2,123.12 2 1
github.com/lukasqw/oficina-tech-ms3-workshop/internal/modules/inventory/domain/inventory/inventory.go:128.56,129.19 1 5
github.com/lukasqw/oficina-tech-ms3-workshop/internal/modules/inventory/domain/inventory/inventory.go:129.19,131.3 1 2
github.com/lukasqw/oficina-tech-ms3-workshop/internal/modules/inventory/domain/inventory/inventory.go:133.2,134.27 2 3
github.com/lukasqw/oficina-tech-ms3-workshop/internal/modules/inventory/domain/inventory/inventory.go:134.27,136.3 1 1
github.com/lukasqw/oficina-tech-ms3-workshop/internal/modules/inventory/domain/inventory/inventory.go:138.2,141.38 2 2
github.com/lukasqw/oficina-tech-ms3-workshop/internal/modules/inventory/domain/inventory/inventory.go:141.38,143.3 1 1
github.com/lukasqw/oficina-tech-ms3-workshop/internal/modules/inventory/domain/inventory/inventory.go:143.8,150.3 4 1
github.com/lukasqw/oficina-tech-ms3-workshop/internal/modules/inventory/domain/inventory/inventory.go:152.2,153.12 2 2
github.com/lukasqw/oficina-tech-ms3-workshop/internal/modules/inventory/domain/inventory/inventory.go:157.58,158.19 1 4
github.com/lukasqw/oficina-tech-ms3-workshop/internal/modules/inventory/domain/inventory/inventory.go:158.19,160.3 1 2
github.com/lukasqw/oficina-tech-ms3-workshop/internal/modules/inventory/domain/inventory/inventory.go:162.2,162.35 1 2
github.com/lukasqw/oficina-tech-ms3-workshop/internal/modules/inventory/domain/inventory/inventory.go:162.35,164.3 1 1
github.com/lukasqw/oficina-tech-ms3-workshop/internal/modules/inventory/domain/inventory/inventory.go:166.2,168.12 3 1
github.com/lukasqw/oficina-tech-ms3-workshop/internal/modules/inventory/domain/inventory/inventory.go:172.59,173.19 1 4
github.com/lukasqw/oficina-tech-ms3-workshop/internal/modules/inventory/domain/inventory/inventory.go:173.19,175.3 1 2
github.com/lukasqw/oficina-tech-ms3-workshop/internal/modules/inventory/domain/inventory/inventory.go:177.2,177.36 1 2
github.com/lukasqw/oficina-tech-ms3-workshop/internal/modules/inventory/domain/inventory/inventory.go:177.36,179.3 1 1
github.com/lukasqw/oficina-tech-ms3-workshop/internal/modules/inventory/domain/inventory/inventory.go:181.2,183.12 3 1
github.com/lukasqw/oficina-tech-ms3-workshop/internal/modules/inventory/domain/inventory/inventory.go:188.49,189.19 1 5
github.com/lukasqw/oficina-tech-ms3-workshop/internal/modules/inventory/domain/inventory/inventory.go:189.19,191.3 1 2
github.com/lukasqw/oficina-tech-ms3-workshop/internal/modules/inventory/domain/inventory/inventory.go:193.2,193.37 1 3
github.com/lukasqw/oficina-tech-ms3-workshop/internal/modules/inventory/domain/inventory/inventory.go:193.37,197.3 2 1
github.com/lukasqw/oficina-tech-ms3-workshop/internal/modules/inventory/domain/inventory/inventory.go:197.8,203.3 4 2
github.com/lukasqw/oficina-tech-ms3-workshop/internal/modules/inventory/domain/inventory/inventory.go:205.2,206.12 2 3
github.com/lukasqw/oficina-tech-ms3-workshop/internal/modules/inventory/domain/inventory/inventory.go:210.50,211.19 1 5
github.com/lukasqw/oficina-tech-ms3-workshop/internal/modules/inventory/domain/inventory/inventory.go:211.19,213.3 1 2
github.com/lukasqw/oficina-tech-ms3-workshop/internal/modules/inventory/domain/inventory/inventory.go:215.2,215.27 1 3
github.com/lukasqw/oficina-tech-ms3-workshop/internal/modules/inventory/domain/inventory/inventory.go:215.27,216.36 1 2
github.com/lukasqw/oficina-tech-ms3-workshop/internal/modules/inventory/domain/inventory/inventory.go:216.36,220.4 2 1
github.com/lukasqw/oficina-tech-ms3-workshop/internal/modules/inventory/domain/inventory/inventory.go:220.9,226.4 4 1
github.com/lukasqw/oficina-tech-ms3-workshop/internal/modules/inventory/domain/inventory/inventory.go:227.8,230.3 1 1
github.com/lukasqw/oficina-tech-ms3-workshop/internal/modules/inventory/domain/inventory/inventory.go:232.2,233.12 2 3
github.com/lukasqw/oficina-tech-ms3-workshop/internal/modules/inventory/domain/inventory/inventory.go:237.56,238.19 1 6
github.com/lukasqw/oficina-tech-ms3-workshop/internal/modules/inventory/domain/inventory/inventory.go:238.19,240.3 1 2
github.com/lukasqw/oficina-tech-ms3-workshop/internal/modules/inventory/domain/inventory/inventory.go:242.2,243.30 2 4
github.com/lukasqw/oficina-tech-ms3-workshop/internal/modules/inventory/domain/inventory/inventory.go:243.30,245.3 1 1
github.com/lukasqw/oficina-tech-ms3-workshop/internal/modules/inventory/domain/inventory/inventory.go:247.2,247.35 1 3
github.com/lukasqw/oficina-tech-ms3-workshop/internal/modules/inventory/domain/inventory/inventory.go:247.35,250.3 1 1
github.com/lukasqw/oficina-tech-ms3-workshop/internal/modules/inventory/domain/inventory/inventory.go:250.8,256.3 4 2
github.com/lukasqw/oficina-tech-ms3-workshop/internal/modules/inventory/domain/inventory/inventory.go:258.2,259.12 2 3
github.com/lukasqw/oficina-tech-ms3-workshop/internal/modules/inventory/domain/inventory/inventory.go:263.57,264.19 1 5
github.com/lukasqw/oficina-tech-ms3-workshop/internal/modules/inventory/domain/inventory/inventory.go:264.19,266.3 1 2
github.com/lukasqw/oficina-tech-ms3-workshop/internal/modules/inventory/domain/inventory/inventory.go:268.2,268.27 1 3
github.com/lukasqw/oficina-tech-ms3-workshop/internal/modules/inventory/domain/inventory/inventory.go:268.27,269.36 1 2
github.com/lukasqw/oficina-tech-ms3-workshop/internal/modules/inventory/domain/inventory/inventory.go:269.36,273.4 2 1
github.com/lukasqw/oficina-tech-ms3-workshop/internal/modules/inventory/domain/inventory/inventory.go:273.9,279.4 4 1
github.com/lukasqw/oficina-tech-ms3-workshop/internal/modules/inventory/domain/inventory/inventory.go:280.8,283.3 1 1
github.com/lukasqw/oficina-tech-ms3-workshop/internal/modules/inventory/domain/inventory/inventory.go:285.2,286.12 2 3
github.com/lukasqw/oficina-tech-ms3-workshop/internal/modules/inventory/infra/http/handlers/inventory_handler.go:29.112,43.2 1 47
github.com/lukasqw/oficina-tech-ms3-workshop/internal/modules/inventory/infra/http/handlers/inventory_handler.go:60.84,66.54 4 4
github.com/lukasqw/oficina-tech-ms3-workshop/internal/modules/inventory/infra/http/handlers/inventory_handler.go:66.54,69.3 2 1
github.com/lukasqw/oficina-tech-ms3-workshop/internal/modules/inventory/infra/http/handlers/inventory_handler.go:71.2,76.16 3 3
github.com/lukasqw/oficina-tech-ms3-workshop/internal/modules/inventory/infra/http/handlers/inventory_handler.go:76.16,81.3 4 2
github.com/lukasqw/oficina-tech-ms3-workshop/internal/modules/inventory/infra/http/handlers/inventory_handler.go:83.2,92.55 2 1
github.com/lukasqw/oficina-tech-ms3-workshop/internal/modules/inventory/infra/http/handlers/inventory_handler.go:111.90,117.54 4 3
github.com/lukasqw/oficina-tech-ms3-workshop/internal/modules/inventory/infra/http/handlers/inventory_handler.go:117.54,120.3 2 1
github.com/lukasqw/oficina-tech-ms3-workshop/internal/modules/inventory/infra/http/handlers/inventory_handler.go:122.2,127.16 3 2
github.com/lukasqw/oficina-tech-ms3-workshop/internal/modules/inventory/infra/http/handlers/inventory_handler.go:127.16,132.3 4 1
github.com/lukasqw/oficina-tech-ms3-workshop/internal/modules/inventory/infra/http/handlers/inventory_handler.go:134.2,143.50 2 1
github.com/lukasqw/oficina-tech-ms3-workshop/internal/modules/inventory/infra/http/handlers/inventory_handler.go:147.84,153.54 4 4
github.com/lukasqw/oficina-tech-ms3-workshop/internal/modules/inventory/infra/http/handlers/inventory_handler.go:153.54,156.3 2 1
github.com/lukasqw/oficina-tech-ms3-workshop/internal/modules/inventory/infra/http/handlers/inventory_handler.go:159.2,164.16 3 3
github.com/lukasqw/oficina-tech-ms3-workshop/internal/modules/inventory/infra/http/handlers/inventory_handler.go:164.16,169.3 4 1
github.com/lukasqw/oficina-tech-ms3-workshop/internal/modules/inventory/infra/http/handlers/inventory_handler.go:172.2,176.70 2 2
github.com/lukasqw/oficina-tech-ms3-workshop/internal/modules/inventory/infra/http/handlers/inventory_handler.go:176.70,181.3 4 1
github.com/lukasqw/oficina-tech-ms3-workshop/internal/modules/inventory/infra/http/handlers/inventory_handler.go:183.2,183.104 1 1
github.com/lukasqw/oficina-tech-ms3-workshop/internal/modules/inventory/infra/http/handlers/inventory_handler.go:202.83,208.54 4 6
github.com/lukasqw/oficina-tech-ms3-workshop/internal/modules/inventory/infra/http/handlers/inventory_handler.go:208.54,211.3 2 1
github.com/lukasqw/oficina-tech-ms3-workshop/internal/modules/inventory/infra/http/handlers/inventory_handler.go:213.2,214.61 2 5
github.com/lukasqw/oficina-tech-ms3-workshop/internal/modules/inventory/infra/http/handlers/inventory_handler.go:214.61,217.3 2 1
github.com/lukasqw/oficina-tech-ms3-workshop/internal/modules/inventory/infra/http/handlers/inventory_handler.go:219.2,219.56 1 4
github.com/lukasqw/oficina-tech-ms3-workshop/internal/modules/inventory/infra/http/handlers/inventory_handler.go:219.56,222.3 2 1
github.com/lukasqw/oficina-tech-ms3-workshop/internal/modules/inventory/infra/http/handlers/inventory_handler.go:224.2,230.16 3 3
github.com/lukasqw/oficina-tech-ms3-workshop/internal/modules/inventory/infra/http/handlers/inventory_handler.go:230.16,235.3 4 2
github.com/lukasqw/oficina-tech-ms3-workshop/internal/modules/inventory/infra/http/handlers/inventory_handler.go:237.2,246.50 2 1
github.com/lukasqw/oficina-tech-ms3-workshop/internal/modules/inventory/infra/http/handlers/inventory_handler.go:265.85,271.54 4 5
github.com/lukasqw/oficina-tech-ms3-workshop/internal/modules/inventory/infra/http/handlers/inventory_handler.go:271.54,274.3 2 1
github.com/lukasqw/oficina-tech-ms3-workshop/internal/modules/inventory/infra/http/handlers/inventory_handler.go:276.2,277.61 2 4
github.com/lukasqw/oficina-tech-ms3-workshop/internal/modules/inventory/infra/http/handlers/inventory_handler.go:277.61,280.3 2 1
github.com/lukasqw/oficina-tech-ms3-workshop/internal/modules/inventory/infra/http/handlers/inventory_handler.go:282.2,282.56 1 3
github.com/lukasqw/oficina-tech-ms3-workshop/internal/modules/inventory/infra/http/handlers/inventory_handler.go:282.56,285.3 2 0
github.com/lukasqw/oficina-tech-ms3-workshop/internal/modules/inventory/infra/http/handlers/inventory_handler.go:287.2,293.16 3 3
github.com/lukasqw/oficina-tech-ms3-workshop/internal/modules/inventory/infra/http/handlers/inventory_handler.go:293.16,298.3 4 2
github.com/lukasqw/oficina-tech-ms3-workshop/internal/modules/inventory/infra/http/handlers/inventory_handler.go:300.2,309.50 2 1
github.com/lukasqw/oficina-tech-ms3-workshop/internal/modules/inventory/infra/http/handlers/inventory_handler.go:313.86,319.54 4 5
github.com/lukasqw/oficina-tech-ms3-workshop/internal/modules/inventory/infra/http/handlers/inventory_handler.go:319.54,322.3 2 1
github.com/lukasqw/oficina-tech-ms3-workshop/internal/modules/inventory/infra/http/handlers/inventory_handler.go:324.2,325.61 2 4
github.com/lukasqw/oficina-tech-ms3-workshop/internal/modules/inventory/infra/http/handlers/inventory_handler.go:325.61,328.3 2 1
github.com/lukasqw/oficina-tech-ms3-workshop/internal/modules/inventory/infra/http/handlers/inventory_handler.go:330.2,330.56 1 3
github.com/lukasqw/oficina-tech-ms3-workshop/internal/modules/inventory/infra/http/handlers/inventory_handler.go:330.56,333.3 2 0
github.com/lukasqw/oficina-tech-ms3-workshop/internal/modules/inventory/infra/http/handlers/inventory_handler.go:335.2,341.16 3 3
github.com/lukasqw/oficina-tech-ms3-workshop/internal/modules/inventory/infra/http/handlers/inventory_handler.go:341.16,346.3 4 2
github.com/lukasqw/oficina-tech-ms3-workshop/internal/modules/inventory/infra/http/handlers/inventory_handler.go:348.2,357.50 2 1
github.com/lukasqw/oficina-tech-ms3-workshop/internal/modules/inventory/infra/http/handlers/inventory_handler.go:376.76,382.54 4 5
github.com/lukasqw/oficina-tech-ms3-workshop/internal/modules/inventory/infra/http/handlers/inventory_handler.go:382.54,385.3 2 1
github.com/lukasqw/oficina-tech-ms3-workshop/internal/modules/inventory/infra/http/handlers/inventory_handler.go:387.2,388.61 2 4
github.com/lukasqw/oficina-tech-ms3-workshop/internal/modules/inventory/infra/http/handlers/inventory_handler.go:388.61,391.3 2 1
github.com/lukasqw/oficina-tech-ms3-workshop/internal/modules/inventory/infra/http/handlers/inventory_handler.go:393.2,393.56 1 3
github.com/lukasqw/oficina-tech-ms3-workshop/internal/modules/inventory/infra/http/handlers/inventory_handler.go:393.56,396.3 2 0
github.com/lukasqw/oficina-tech-ms3-workshop/internal/modules/inventory/infra/http/handlers/inventory_handler.go:398.2,404.16 3 3
github.com/lukasqw/oficina-tech-ms3-workshop/internal/modules/inventory/infra/http/handlers/inventory_handler.go:404.16,409.3 4 1
github.com/lukasqw/oficina-tech-ms3-workshop/internal/modules/inventory/infra/http/handlers/inventory_handler.go:411.2,420.50 2 2
github.com/lukasqw/oficina-tech-ms3-workshop/internal/modules/inventory/infra/http/handlers/inventory_handler.go:438.77,444.54 4 5
github.com/lukasqw/oficina-tech-ms3-workshop/internal/modules/inventory/infra/http/handlers/inventory_handler.go:444.54,447.3 2 1
github.com/lukasqw/oficina-tech-ms3-workshop/internal/modules/inventory/infra/http/handlers/inventory_handler.go:449.2,450.61 2 4
github.com/lukasqw/oficina-tech-ms3-workshop/internal/modules/inventory/infra/http/handlers/inventory_handler.go:450.61,453.3 2 1
github.com/lukasqw/oficina-tech-ms3-workshop/internal/modules/inventory/infra/http/handlers/inventory_handler.go:455.2,455.56 1 3
github.com/lukasqw/oficina-tech-ms3-workshop/internal/modules/inventory/infra/http/handlers/inventory_handler.go:455.56,458.3 2 1
github.com/lukasqw/oficina-tech-ms3-workshop/internal/modules/inventory/infra/http/handlers/inventory_handler.go:460.2,466.16 3 2
github.com/lukasqw/oficina-tech-ms3-workshop/internal/modules/inventory/infra/http/handlers/inventory_handler.go:466.16,471.3 4 1
github.com/lukasqw/oficina-tech-ms3-workshop/internal/modules/inventory/infra/http/handlers/inventory_handler.go:473.2,482.50 2 1
github.com/lukasqw/oficina-tech-ms3-workshop/internal/modules/inventory/infra/http/handlers/inventory_handler.go:501.83,507.54 4 5
github.com/lukasqw/oficina-tech-ms3-workshop/internal/modules/inventory/infra/http/handlers/inventory_handler.go:507.54,510.3 2 1
github.com/lukasqw/oficina-tech-ms3-workshop/internal/modules/inventory/infra/http/handlers/inventory_handler.go:512.2,513.61 2 4
github.com/lukasqw/oficina-tech-ms3-workshop/internal/modules/inventory/infra/http/handlers/inventory_handler.go:513.61,516.3 2 1
github.com/lukasqw/oficina-tech-ms3-workshop/internal/modules/inventory/infra/http/handlers/inventory_handler.go:518.2,518.56 1 3
github.com/lukasqw/oficina-tech-ms3-workshop/internal/modules/inventory/infra/http/handlers/inventory_handler.go:518.56,521.3 2 0
github.com/lukasqw/oficina-tech-ms3-workshop/internal/modules/inventory/infra/http/handlers/inventory_handler.go:523.2,529.16 3 3
github.com/lukasqw/oficina-tech-ms3-workshop/internal/modules/inventory/infra/http/handlers/inventory_handler.go:529.16,534.3 4 2
github.com/lukasqw/oficina-tech-ms3-workshop/internal/modules/inventory/infra/http/handlers/inventory_handler.go:536.2,545.50 2 1
github.com/lukasqw/oficina-tech-ms3-workshop/internal/modules/inventory/infra/http/handlers/inventory_handler.go:549.84,555.54 4 5
github.com/lukasqw/oficina-tech-ms3-workshop/internal/modules/inventory/infra/http/handlers/inventory_handler.go:555.54,558.3 2 1
github.com/lukasqw/oficina-tech-ms3-workshop/internal/modules/inventory/infra/http/handlers/inventory_handler.go:560.2,561.61 2 4
github.com/lukasqw/oficina-tech-ms3-workshop/internal/modules/inventory/infra/http/handlers/inventory_handler.go:561.61,564.3 2 1
github.com/lukasqw/oficina-tech-ms3-workshop/internal/modules/inventory/infra/http/handlers/inventory_handler.go:566.2,566.56 1 3
github.com/lukasqw/oficina-tech-ms3-workshop/internal/modules/inventory/infra/http/handlers/inventory_handler.go:566.56,569.3 2 1
github.com/lukasqw/oficina-tech-ms3-workshop/internal/modules/inventory/infra/http/handlers/inventory_handler.go:571.2,577.16 3 2
github.com/lukasqw/oficina-tech-ms3-workshop/internal/modules/inventory/infra/http/handlers/inventory_handler.go:577.16,582.3 4 1
github.com/lukasqw/oficina-tech-ms3-workshop/internal/modules/inventory/infra/http/handlers/inventory_handler.go:584.2,593.50 2 1
github.com/lukasqw/oficina-tech-ms3-workshop/internal/modules/inventory/infra/http/handlers/inventory_handler.go:597.49,598.13 1 16
github.com/lukasqw/oficina-tech-ms3-workshop/internal/modules/inventory/infra/http/handlers/inventory_handler.go:599.38,600.52 1 10
github.com/lukasqw/oficina-tech-ms3-workshop/internal/modules/inventory/infra/http/handlers/inventory_handler.go:601.47,602.61 1 1
github.com/lukasqw/oficina-tech-ms3-workshop/internal/modules/inventory/infra/http/handlers/inventory_handler.go:603.100,604.62 1 0
github.com/lukasqw/oficina-tech-ms3-workshop/internal/modules/inventory/infra/http/handlers/inventory_handler.go:605.109,606.71 1 4
github.com/lukasqw/oficina-tech-ms3-workshop/internal/modules/inventory/infra/http/handlers/inventory_handler.go:607.10,608.68 1 1
github.com/lukasqw/oficina-tech-ms3-workshop/internal/modules/inventory/infra/http/handlers/inventory_handler_test_common.go:10.38,11.43 1 67
github.com/lukasqw/oficina-tech-ms3-workshop/internal/modules/inventory/infra/http/handlers/inventory_handler_test_common.go:11.43,12.35 1 1611
github.com/lukasqw/oficina-tech-ms3-workshop/internal/modules/inventory/infra/http/handlers/inventory_handler_test_common.go:12.35,14.4 1 67
github.com/lukasqw/oficina-tech-ms3-workshop/internal/modules/inventory/infra/http/handlers/inventory_handler_test_common.go:16.2,16.14 1 0
github.com/lukasqw/oficina-tech-ms3-workshop/internal/modules/inventory/infra/http/handlers/inventory_handler_test_common.go:20.103,23.16 3 17
github.com/lukasqw/oficina-tech-ms3-workshop/internal/modules/inventory/infra/http/handlers/inventory_handler_test_common.go:23.16,24.59 1 0
github.com/lukasqw/oficina-tech-ms3-workshop/internal/modules/inventory/infra/http/handlers/inventory_handler_test_common.go:26.2,26.12 1 17
github.com/lukasqw/oficina-tech-ms3-workshop/internal/modules/inventory/infra/http/handlers/inventory_handler_test_common.go:30.115,33.16 3 6
github.com/lukasqw/oficina-tech-ms3-workshop/internal/modules/inventory/infra/http/handlers/inventory_handler_test_common.go:33.16,34.57 1 0
github.com/lukasqw/oficina-tech-ms3-workshop/internal/modules/inventory/infra/http/handlers/inventory_handler_test_common.go:36.2,36.10 1 6
github.com/lukasqw/oficina-tech-ms3-workshop/internal/modules/inventory/infra/http/handlers/product_handler.go:25.108,33.2 1 20
github.com/lukasqw/oficina-tech-ms3-workshop/internal/modules/inventory/infra/http/handlers/product_handler.go:49.80,54.61 4 5
github.com/lukasqw/oficina-tech-ms3-workshop/internal/modules/inventory/infra/http/handlers/product_handler.go:54.61,57.3 2 1
github.com/lukasqw/oficina-tech-ms3-workshop/internal/modules/inventory/infra/http/handlers/product_handler.go:59.2,59.56 1 4
github.com/lukasqw/oficina-tech-ms3-workshop/internal/modules/inventory/infra/http/handlers/product_handler.go:59.56,62.3 2 3
github.com/lukasqw/oficina-tech-ms3-workshop/internal/modules/inventory/infra/http/handlers/product_handler.go:64.2,72.16 3 1
github.com/lukasqw/oficina-tech-ms3-workshop/internal/modules/inventory/infra/http/handlers/product_handler.go:72.16,77.3 4 0
github.com/lukasqw/oficina-tech-ms3-workshop/internal/modules/inventory/infra/http/handlers/product_handler.go:79.2,89.55 2 1
github.com/lukasqw/oficina-tech-ms3-workshop/internal/modules/inventory/infra/http/handlers/product_handler.go:93.81,98.16 4 2
github.com/lukasqw/oficina-tech-ms3-workshop/internal/modules/inventory/infra/http/handlers/product_handler.go:98.16,103.3 4 0
github.com/lukasqw/oficina-tech-ms3-workshop/internal/modules/inventory/infra/http/handlers/product_handler.go:105.2,106.36 2 2
github.com/lukasqw/oficina-tech-ms3-workshop/internal/modules/inventory/infra/http/handlers/product_handler.go:106.36,116.3 1 2
github.com/lukasqw/oficina-tech-ms3-workshop/internal/modules/inventory/infra/http/handlers/product_handler.go:118.2,118.50 1 2
github.com/lukasqw/oficina-tech-ms3-workshop/internal/modules/inventory/infra/http/handlers/product_handler.go:135.81,142.47 4 3
github.com/lukasqw/oficina-tech-ms3-workshop/internal/modules/inventory/infra/http/handlers/product_handler.go:142.47,145.3 2 1
github.com/lukasqw/oficina-tech-ms3-workshop/internal/modules/inventory/infra/http/handlers/product_handler.go:147.2,152.16 3 2
github.com/lukasqw/oficina-tech-ms3-workshop/internal/modules/inventory/infra/http/handlers/product_handler.go:152.16,157.3 4 1
github.com/lukasqw/oficina-tech-ms3-workshop/internal/modules/inventory/infra/http/handlers/product_handler.go:159.2,169.50 2 1
github.com/lukasqw/oficina-tech-ms3-workshop/internal/modules/inventory/infra/http/handlers/product_handler.go:187.80,194.47 4 6
github.com/lukasqw/oficina-tech-ms3-workshop/internal/modules/inventory/infra/http/handlers/product_handler.go:194.47,197.3 2 1
github.com/lukasqw/oficina-tech-ms3-workshop/internal/modules/inventory/infra/http/handlers/product_handler.go:199.2,200.61 2 5
github.com/lukasqw/oficina-tech-ms3-workshop/internal/modules/inventory/infra/http/handlers/product_handler.go:200.61,203.3 2 1
github.com/lukasqw/oficina-tech-ms3-workshop/internal/modules/inventory/infra/http/handlers/product_handler.go:205.2,205.56 1 4
github.com/lukasqw/oficina-tech-ms3-workshop/internal/modules/inventory/infra/http/handlers/product_handler.go:205.56,208.3 2 0
github.com/lukasqw/oficina-tech-ms3-workshop/internal/modules/inventory/infra/http/handlers/product_handler.go:210.2,218.62 2 4
github.com/lukasqw/oficina-tech-ms3-workshop/internal/modules/inventory/infra/http/handlers/product_handler.go:218.62,223.3 4 3
github.com/lukasqw/oficina-tech-ms3-workshop/internal/modules/inventory/infra/http/handlers/product_handler.go:225.2,225.102 1 1
github.com/lukasqw/oficina-tech-ms3-workshop/internal/modules/inventory/infra/http/handlers/product_handler.go:242.80,249.47 4 4
github.com/lukasqw/oficina-tech-ms3-workshop/internal/modules/inventory/infra/http/handlers/product_handler.go:249.47,252.3 2 1
github.com/lukasqw/oficina-tech-ms3-workshop/internal/modules/inventory/infra/http/handlers/product_handler.go:254.2,258.62 2 3
github.com/lukasqw/oficina-tech-ms3-workshop/internal/modules/inventory/infra/http/handlers/product_handler.go:258.62,263.3 4 1
github.com/lukasqw/oficina-tech-ms3-workshop/internal/modules/inventory/infra/http/handlers/product_handler.go:265.2,265.102 1 2
github.com/lukasqw/oficina-tech-ms3-workshop/internal/modules/inventory/infra/persistence/inventory_model.go:24.42,26.2 1 24
github.com/lukasqw/oficina-tech-ms3-workshop/internal/modules/inventory/infra/persistence/inventory_model.go:29.67,31.23 2 13
github.com/lukasqw/oficina-tech-ms3-workshop/internal/modules/inventory/infra/persistence/inventory_model.go:31.23,33.3 1 1
github.com/lukasqw/oficina-tech-ms3-workshop/internal/modules/inventory/infra/persistence/inventory_model.go:35.2,44.3 1 13
github.com/lukasqw/oficina-tech-ms3-workshop/internal/modules/inventory/infra/persistence/inventory_model.go:48.77,52.20 3 19
github.com/lukasqw/oficina-tech-ms3-workshop/internal/modules/inventory/infra/persistence/inventory_model.go:52.20,54.17 2 2
github.com/lukasqw/oficina-tech-ms3-workshop/internal/modules/inventory/infra/persistence/inventory_model.go:54.17,56.4 1 0
github.com/lukasqw/oficina-tech-ms3-workshop/internal/modules/inventory/infra/persistence/inventory_model.go:60.2,61.16 2 19
github.com/lukasqw/oficina-tech-ms3-workshop/internal/modules/inventory/infra/persistence/inventory_model.go:61.16,63.3 1 0
github.com/lukasqw/oficina-tech-ms3-workshop/internal/modules/inventory/infra/persistence/inventory_model.go:65.2,75.28 2 19
github.com/lukasqw/oficina-tech-ms3-workshop/internal/modules/inventory/infra/persistence/inventory_model.go:75.28,80.3 1 0
github.com/lukasqw/oficina-tech-ms3-workshop/internal/modules/inventory/infra/persistence/inventory_model.go:82.2,82.19 1 19
github.com/lukasqw/oficina-tech-ms3-workshop/internal/modules/inventory/infra/persistence/inventory_repository.go:18.63,20.2 1 33
github.com/lukasqw/oficina-tech-ms3-workshop/internal/modules/inventory/infra/persistence/inventory_repository.go:23.93,25.16 2 16
github.com/lukasqw/oficina-tech-ms3-workshop/internal/modules/inventory/infra/persistence/inventory_repository.go:25.16,27.3 1 0
github.com/lukasqw/oficina-tech-ms3-workshop/internal/modules/inventory/infra/persistence/inventory_repository.go:30.2,30.20 1 16
github.com/lukasqw/oficina-tech-ms3-workshop/internal/modules/inventory/infra/persistence/inventory_repository.go:30.20,33.67 2 15
github.com/lukasqw/oficina-tech-ms3-workshop/internal/modules/inventory/infra/persistence/inventory_repository.go:33.67,35.4 1 0
github.com/lukasqw/oficina-tech-ms3-workshop/internal/modules/inventory/infra/persistence/inventory_repository.go:36.3,36.54 1 15
github.com/lukasqw/oficina-tech-ms3-workshop/internal/modules/inventory/infra/persistence/inventory_repository.go:36.54,38.4 1 0
github.com/lukasqw/oficina-tech-ms3-workshop/internal/modules/inventory/infra/persistence/inventory_repository.go:39.8,40.65 1 1
github.com/lukasqw/oficina-tech-ms3-workshop/internal/modules/inventory/infra/persistence/inventory_repository.go:40.65,42.4 1 0
github.com/lukasqw/oficina-tech-ms3-workshop/internal/modules/inventory/infra/persistence/inventory_repository.go:45.2,45.12 1 16
github.com/lukasqw/oficina-tech-ms3-workshop/internal/modules/inventory/infra/persistence/inventory_repository.go:49.106,51.16 2 9
github.com/lukasqw/oficina-tech-ms3-workshop/internal/modules/inventory/infra/persistence/inventory_repository.go:51.16,53.3 1 2
github.com/lukasqw/oficina-tech-ms3-workshop/internal/modules/inventory/infra/persistence/inventory_repository.go:55.2,56.81 2 7
github.com/lukasqw/oficina-tech-ms3-workshop/internal/modules/inventory/infra/persistence/inventory_repository.go:56.81,57.45 1 2
github.com/lukasqw/oficina-tech-ms3-workshop/internal/modules/inventory/infra/persistence/inventory_repository.go:57.45,59.4 1 2
github.com/lukasqw/oficina-tech-ms3-workshop/internal/modules/inventory/infra/persistence/inventory_repository.go:60.3,60.18 1 0
github.com/lukasqw/oficina-tech-ms3-workshop/internal/modules/inventory/infra/persistence/inventory_repository.go:63.2,63.25 1 5
github.com/lukasqw/oficina-tech-ms3-workshop/internal/modules/inventory/infra/persistence/inventory_repository.go:67.120,69.16 2 4
github.com/lukasqw/oficina-tech-ms3-workshop/internal/modules/inventory/infra/persistence/inventory_repository.go:69.16,71.3 1 2
github.com/lukasqw/oficina-tech-ms3-workshop/internal/modules/inventory/infra/persistence/inventory_repository.go:73.2,74.89 2 2
github.com/lukasqw/oficina-tech-ms3-workshop/internal/modules/inventory/infra/persistence/inventory_repository.go:74.89,75.45 1 1
github.com/lukasqw/oficina-tech-ms3-workshop/internal/modules/inventory/infra/persistence/inventory_repository.go:75.45,77.4 1 1
github.com/lukasqw/oficina-tech-ms3-workshop/internal/modules/inventory/infra/persistence/inventory_repository.go:78.3,78.18 1 0
github.com/lukasqw/oficina-tech-ms3-workshop/internal/modules/inventory/infra/persistence/inventory_repository.go:81.2,81.25 1 1
github.com/lukasqw/oficina-tech-ms3-workshop/internal/modules/inventory/infra/persistence/inventory_repository.go:85.96,87.66 2 3
github.com/lukasqw/oficina-tech-ms3-workshop/internal/modules/inventory/infra/persistence/inventory_repository.go:87.66,89.3 1 0
github.com/lukasqw/oficina-tech-ms3-workshop/internal/modules/inventory/infra/persistence/inventory_repository.go:91.2,92.31 2 3
github.com/lukasqw/oficina-tech-ms3-workshop/internal/modules/inventory/infra/persistence/inventory_repository.go:92.31,94.17 2 4
github.com/lukasqw/oficina-tech-ms3-workshop/internal/modules/inventory/infra/persistence/inventory_repository.go:94.17,96.4 1 0
github.com/lukasqw/oficina-tech-ms3-workshop/internal/modules/inventory/infra/persistence/inventory_repository.go:97.3,97.41 1 4
github.com/lukasqw/oficina-tech-ms3-workshop/internal/modules/inventory/infra/persistence/inventory_repository.go:100.2,100.25 1 3
github.com/lukasqw/oficina-tech-ms3-workshop/internal/modules/inventory/infra/persistence/inventory_repository.go:104.80,106.16 2 7
github.com/lukasqw/oficina-tech-ms3-workshop/internal/modules/inventory/infra/persistence/inventory_repository.go:106.16,108.3 1 1
github.com/lukasqw/oficina-tech-ms3-workshop/internal/modules/inventory/infra/persistence/inventory_repository.go:110.2,114.25 3 6
github.com/lukasqw/oficina-tech-ms3-workshop/internal/modules/inventory/infra/persistence/inventory_repository.go:114.25,115.54 1 2
github.com/lukasqw/oficina-tech-ms3-workshop/internal/modules/inventory/infra/persistence/inventory_repository.go:115.54,117.4 1 2
github.com/lukasqw/oficina-tech-ms3-workshop/internal/modules/inventory/infra/persistence/inventory_repository.go:118.3,118.22 1 0
github.com/lukasqw/oficina-tech-ms3-workshop/internal/modules/inventory/infra/persistence/inventory_repository.go:122.2,122.67 1 4
github.com/lukasqw/oficina-tech-ms3-workshop/internal/modules/inventory/infra/persistence/inventory_repository.go:122.67,124.3 1 0
github.com/lukasqw/oficina-tech-ms3-workshop/internal/modules/inventory/infra/persistence/inventory_repository.go:126.2,126.12 1 4
github.com/lukasqw/oficina-tech-ms3-workshop/internal/modules/inventory/infra/persistence/inventory_repository.go:130.106,132.16 2 5
github.com/lukasqw/oficina-tech-ms3-workshop/internal/modules/inventory/infra/persistence/inventory_repository.go:132.16,134.3 1 2
github.com/lukasqw/oficina-tech-ms3-workshop/internal/modules/inventory/infra/persistence/inventory_repository.go:136.2,137.120 2 3
github.com/lukasqw/oficina-tech-ms3-workshop/internal/modules/inventory/infra/persistence/inventory_repository.go:137.120,139.3 1 0
github.com/lukasqw/oficina-tech-ms3-workshop/internal/modules/inventory/infra/persistence/inventory_repository.go:141.2,141.23 1 3
github.com/lukasqw/oficina-tech-ms3-workshop/internal/modules/inventory/infra/persistence/product_model.go:24.40,26.2 1 14
github.com/lukasqw/oficina-tech-ms3-workshop/internal/modules/inventory/infra/persistence/product_model.go:29.61,31.16 2 12
github.com/lukasqw/oficina-tech-ms3-workshop/internal/modules/inventory/infra/persistence/product_model.go:31.16,33.3 1 1
github.com/lukasqw/oficina-tech-ms3-workshop/internal/modules/inventory/infra/persistence/product_model.go:35.2,36.23 2 11
github.com/lukasqw/oficina-tech-ms3-workshop/internal/modules/inventory/infra/persistence/product_model.go:36.23,38.3 1 1
github.com/lukasqw/oficina-tech-ms3-workshop/internal/modules/inventory/infra/persistence/product_model.go:40.2,49.3 1 11
github.com/lukasqw/oficina-tech-ms3-workshop/internal/modules/inventory/infra/persistence/product_model.go:53.60,57.18 3 14
github.com/lukasqw/oficina-tech-ms3-workshop/internal/modules/inventory/infra/persistence/product_model.go:57.18,59.17 2 2
github.com/lukasqw/oficina-tech-ms3-workshop/internal/modules/inventory/infra/persistence/product_model.go:59.17,61.4 1 0
github.com/lukasqw/oficina-tech-ms3-workshop/internal/modules/inventory/infra/persistence/product_model.go:65.2,75.26 2 14
github.com/lukasqw/oficina-tech-ms3-workshop/internal/modules/inventory/infra/persistence/product_model.go:75.26,80.3 1 0
github.com/lukasqw/oficina-tech-ms3-workshop/internal/modules/inventory/infra/persistence/product_model.go:82.2,82.19 1 14
github.com/lukasqw/oficina-tech-ms3-workshop/internal/modules/inventory/infra/persistence/product_repository.go:18.59,20.2 1 20
github.com/lukasqw/oficina-tech-ms3-workshop/internal/modules/inventory/infra/persistence/product_repository.go:23.85,25.16 2 12
github.com/lukasqw/oficina-tech-ms3-workshop/internal/modules/inventory/infra/persistence/product_repository.go:25.16,27.3 1 0
github.com/lukasqw/oficina-tech-ms3-workshop/internal/modules/inventory/infra/persistence/product_repository.go:30.2,30.18 1 12
github.com/lukasqw/oficina-tech-ms3-workshop/internal/modules/inventory/infra/persistence/product_repository.go:30.18,33.67 2 11
github.com/lukasqw/oficina-tech-ms3-workshop/internal/modules/inventory/infra/persistence/product_repository.go:33.67,35.4 1 0
github.com/lukasqw/oficina-tech-ms3-workshop/internal/modules/inventory/infra/persistence/product_repository.go:36.3,36.52 1 11
github.com/lukasqw/oficina-tech-ms3-workshop/internal/modules/inventory/infra/persistence/product_repository.go:36.52,38.4 1 0
github.com/lukasqw/oficina-tech-ms3-workshop/internal/modules/inventory/infra/persistence/product_repository.go:39.8,40.65 1 1
github.com/lukasqw/oficina-tech-ms3-workshop/internal/modules/inventory/infra/persistence/product_repository.go:40.65,42.4 1 0
github.com/lukasqw/oficina-tech-ms3-workshop/internal/modules/inventory/infra/persistence/product_repository.go:45.2,45.12 1 12
github.com/lukasqw/oficina-tech-ms3-workshop/internal/modules/inventory/infra/persistence/product_repository.go:49.100,51.16 2 8
github.com/lukasqw/oficina-tech-ms3-workshop/internal/modules/inventory/infra/persistence/product_repository.go:51.16,53.3 1 2
github.com/lukasqw/oficina-tech-ms3-workshop/internal/modules/inventory/infra/persistence/product_repository.go:55.2,56.81 2 6
github.com/lukasqw/oficina-tech-ms3-workshop/internal/modules/inventory/infra/persistence/product_repository.go:56.81,57.45 1 2
github.com/lukasqw/oficina-tech-ms3-workshop/internal/modules/inventory/infra/persistence/product_repository.go:57.45,59.4 1 2
github.com/lukasqw/oficina-tech-ms3-workshop/internal/modules/inventory/infra/persistence/product_repository.go:60.3,60.18 1 0
github.com/lukasqw/oficina-tech-ms3-workshop/internal/modules/inventory/infra/persistence/product_repository.go:63.2,63.25 1 4
github.com/lukasqw/oficina-tech-ms3-workshop/internal/modules/inventory/infra/persistence/product_repository.go:67.90,69.66 2 3
github.com/lukasqw/oficina-tech-ms3-workshop/internal/modules/inventory/infra/persistence/product_repository.go:69.66,71.3 1 0
github.com/lukasqw/oficina-tech-ms3-workshop/internal/modules/inventory/infra/persistence/product_repository.go:73.2,74.31 2 3
github.com/lukasqw/oficina-tech-ms3-workshop/internal/modules/inventory/infra/persistence/product_repository.go:74.31,76.17 2 4
github.com/lukasqw/oficina-tech-ms3-workshop/internal/modules/inventory/infra/persistence/product_repository.go:76.17,78.4 1 0
github.com/lukasqw/oficina-tech-ms3-workshop/internal/modules/inventory/infra/persistence/product_repository.go:79.3,79.33 1 4
github.com/lukasqw/oficina-tech-ms3-workshop/internal/modules/inventory/infra/persistence/product_repository.go:82.2,82.22 1 3
github.com/lukasqw/oficina-tech-ms3-workshop/internal/modules/inventory/infra/persistence/product_repository.go:86.78,88.16 2 6
github.com/lukasqw/oficina-tech-ms3-workshop/internal/modules/inventory/infra/persistence/product_repository.go:88.16,90.3 1 1
github.com/lukasqw/oficina-tech-ms3-workshop/internal/modules/inventory/infra/persistence/product_repository.go:92.2,96.25 3 5
github.com/lukasqw/oficina-tech-ms3-workshop/internal/modules/inventory/infra/persistence/product_repository.go:96.25,97.54 1 2
github.com/lukasqw/oficina-tech-ms3-workshop/internal/modules/inventory/infra/persistence/product_repository.go:97.54,99.4 1 2
github.com/lukasqw/oficina-tech-ms3-workshop/internal/modules/inventory/infra/persistence/product_repository.go:100.3,100.22 1 0
github.com/lukasqw/oficina-tech-ms3-workshop/internal/modules/inventory/infra/persistence/product_repository.go:104.2,104.67 1 3
github.com/lukasqw/oficina-tech-ms3-workshop/internal/modules/inventory/infra/persistence/product_repository.go:104.67,106.3 1 0
github.com/lukasqw/oficina-tech-ms3-workshop/internal/modules/inventory/infra/persistence/product_repository.go:108.2,108.12 1 3
github.com/lukasqw/oficina-tech-ms3-workshop/internal/modules/inventory/infra/persistence/saga_operation_model.go:21.46,23.2 1 0
github.com/lukasqw/oficina-tech-ms3-workshop/internal/modules/inventory/infra/persistence/saga_operation_model.go:25.80,35.2 1 0
github.com/lukasqw/oficina-tech-ms3-workshop/internal/modules/inventory/infra/persistence/saga_operation_model.go:37.100,40.26 3 0
github.com/lukasqw/oficina-tech-ms3-workshop/internal/modules/inventory/infra/persistence/saga_operation_model.go:40.26,42.17 2 0
github.com/lukasqw/oficina-tech-ms3-workshop/internal/modules/inventory/infra/persistence/saga_operation_model.go:42.17,44.4 1 0
github.com/lukasqw/oficina-tech-ms3-workshop/internal/modules/inventory/infra/persistence/saga_operation_model.go:47.2,48.16 2 0
github.com/lukasqw/oficina-tech-ms3-workshop/internal/modules/inventory/infra/persistence/saga_operation_model.go:48.16,50.3 1 0
github.com/lukasqw/oficina-tech-ms3-workshop/internal/modules/inventory/infra/persistence/saga_operation_model.go:52.2,53.16 2 0
github.com/lukasqw/oficina-tech-ms3-workshop/internal/modules/inventory/infra/persistence/saga_operation_model.go:53.16,55.3 1 0
github.com/lukasqw/oficina-tech-ms3-workshop/internal/modules/inventory/infra/persistence/saga_operation_model.go:57.2,65.8 1 0
github.com/lukasqw/oficina-tech-ms3-workshop/internal/modules/inventory/infra/persistence/saga_operation_repository.go:16.72,18.2 1 0
github.com/lukasqw/oficina-tech-ms3-workshop/internal/modules/inventory/infra/persistence/saga_operation_repository.go:20.112,22.16 2 0
github.com/lukasqw/oficina-tech-ms3-workshop/internal/modules/inventory/infra/persistence/saga_operation_repository.go:22.16,24.3 1 0
github.com/lukasqw/oficina-tech-ms3-workshop/internal/modules/inventory/infra/persistence/saga_operation_repository.go:26.2,26.26 1 0
github.com/lukasqw/oficina-tech-ms3-workshop/internal/modules/inventory/infra/persistence/saga_operation_repository.go:26.26,28.67 2 0
github.com/lukasqw/oficina-tech-ms3-workshop/internal/modules/inventory/infra/persistence/saga_operation_repository.go:28.67,30.4 1 0
github.com/lukasqw/oficina-tech-ms3-workshop/internal/modules/inventory/infra/persistence/saga_operation_repository.go:31.3,31.44 1 0
github.com/lukasqw/oficina-tech-ms3-workshop/internal/modules/inventory/infra/persistence/saga_operation_repository.go:34.2,34.48 1 0
github.com/lukasqw/oficina-tech-ms3-workshop/internal/modules/inventory/infra/persistence/saga_operation_repository.go:37.173,39.16 2 0
github.com/lukasqw/oficina-tech-ms3-workshop/internal/modules/inventory/infra/persistence/saga_operation_repository.go:39.16,41.3 1 0
github.com/lukasqw/oficina-tech-ms3-workshop/internal/modules/inventory/infra/persistence/saga_operation_repository.go:43.2,47.16 3 0
github.com/lukasqw/oficina-tech-ms3-workshop/internal/modules/inventory/infra/persistence/saga_operation_repository.go:47.16,48.45 1 0
github.com/lukasqw/oficina-tech-ms3-workshop/internal/modules/inventory/infra/persistence/saga_operation_repository.go:48.45,50.4 1 0
github.com/lukasqw/oficina-tech-ms3-workshop/internal/modules/inventory/infra/persistence/saga_operation_repository.go:51.3,51.18 1 0
github.com/lukasqw/oficina-tech-ms3-workshop/internal/modules/inventory/infra/persistence/saga_operation_repository.go:54.2,54.25 1 0
